<?xml version="1.0" encoding="UTF-8"?>
<testsuite xmlns:xsi="http://www.w3.org/2001/XMLSchema-instance" xsi:noNamespaceSchemaLocation="https://maven.apache.org/surefire/maven-surefire-plugin/xsd/surefire-test-report-3.0.xsd" version="3.0" name="com.saucedemo.runners.TestRunner" time="23.232" tests="8" errors="0" skipped="0" failures="0">
  <properties>
[...]
</properties>
  <testcase name="Successful checkout" classname="Checkout Process" time="4.9">
    <system-out><![CDATA[
@checkout @checkoutSuccess
Scenario: Successful checkout                                                              # src/test/resources/features/checkout.feature:25
  Given I am logged in to SauceDemo with enter "standard_user" and password "secret_sauce" # com.saucedemo.tests.CheckoutSteps.i_am_logged_in_to_sauce_demo_with_enter_and_password(java.lang.String,java.lang.String)
  When I add a product to cart and proceed to checkout                                     # com.saucedemo.tests.CheckoutSteps.i_add_a_product_to_cart_and_proceed_to_checkout()
  And I enter checkout details "John" "Doe" "12345"                                        # com.saucedemo.tests.CheckoutSteps.i_enter_checkout_details(java.lang.String,java.lang.String,java.lang.String)
  Then I should complete the purchase successfully                                         # com.saucedemo.tests.CheckoutSteps.i_should_complete_the_purchase_successfully()
]]></system-out>
    <system-err><![CDATA[SLF4J: Failed to load class "org.slf4j.impl.StaticLoggerBinder".
SLF4J: Defaulting to no-operation (NOP) logger implementation
SLF4J: See http://www.slf4j.org/codes.html#StaticLoggerBinder for further details.
Mar 12, 2025 10:29:10 AM org.openqa.selenium.remote.service.DriverService$Builder getLogOutput
INFO: Driver logs no longer sent to console by default; https://www.selenium.dev/documentation/webdriver/drivers/service/#setting-log-output
Mar 12, 2025 10:29:12 AM org.openqa.selenium.devtools.CdpVersionFinder findNearestMatch
WARNING: Unable to find CDP implementation matching 134
Mar 12, 2025 10:29:12 AM org.openqa.selenium.chromium.ChromiumDriver lambda$new$4
WARNING: Unable to find version of CDP to use for . You may need to include a dependency on a specific version of the CDP using something similar to `org.seleniumhq.selenium:selenium-devtools-v86:4.10.0` where the version ("v86") matches the version of the chromium-based browser you're using and the version number of the artifact is the same as Selenium's.
]]></system-err>
  </testcase>
  <testcase name="Successful checkout outline #1" classname="Checkout Process" time="2.809">
    <system-out><![CDATA[
@checkout @checkoutSuccessOutline
Scenario Outline: Successful checkout outline                                              # src/test/resources/features/checkout.feature:40
  Given I am logged in to SauceDemo with enter "standard_user" and password "secret_sauce" # com.saucedemo.tests.CheckoutSteps.i_am_logged_in_to_sauce_demo_with_enter_and_password(java.lang.String,java.lang.String)
  When I add a product to cart and proceed to checkout                                     # com.saucedemo.tests.CheckoutSteps.i_add_a_product_to_cart_and_proceed_to_checkout()
  And I enter checkout details "John" "Doe" "12345"                                        # com.saucedemo.tests.CheckoutSteps.i_enter_checkout_details(java.lang.String,java.lang.String,java.lang.String)
Thank you for your order!
  Then I should complete the purchase successfully and displays a message                  # com.saucedemo.tests.CheckoutSteps.i_should_complete_the_purchase_successfully_and_displays_a_message()
]]></system-out>
    <system-err><![CDATA[Mar 12, 2025 10:29:15 AM org.openqa.selenium.remote.service.DriverService$Builder getLogOutput
INFO: Driver logs no longer sent to console by default; https://www.selenium.dev/documentation/webdriver/drivers/service/#setting-log-output
Mar 12, 2025 10:29:15 AM org.openqa.selenium.devtools.CdpVersionFinder findNearestMatch
WARNING: Unable to find CDP implementation matching 134
Mar 12, 2025 10:29:15 AM org.openqa.selenium.chromium.ChromiumDriver lambda$new$4
WARNING: Unable to find version of CDP to use for . You may need to include a dependency on a specific version of the CDP using something similar to `org.seleniumhq.selenium:selenium-devtools-v86:4.10.0` where the version ("v86") matches the version of the chromium-based browser you're using and the version number of the artifact is the same as Selenium's.
]]></system-err>
  </testcase>
  <testcase name="Successful checkout outline #2" classname="Checkout Process" time="2.787">
    <system-out><![CDATA[
@checkout @checkoutSuccessOutline
Scenario Outline: Successful checkout outline                                              # src/test/resources/features/checkout.feature:41
  Given I am logged in to SauceDemo with enter "standard_user" and password "secret_sauce" # com.saucedemo.tests.CheckoutSteps.i_am_logged_in_to_sauce_demo_with_enter_and_password(java.lang.String,java.lang.String)
  When I add a product to cart and proceed to checkout                                     # com.saucedemo.tests.CheckoutSteps.i_add_a_product_to_cart_and_proceed_to_checkout()
  And I enter checkout details "Alice" "Smith" "54321"                                     # com.saucedemo.tests.CheckoutSteps.i_enter_checkout_details(java.lang.String,java.lang.String,java.lang.String)
Thank you for your order!
  Then I should complete the purchase successfully and displays a message                  # com.saucedemo.tests.CheckoutSteps.i_should_complete_the_purchase_successfully_and_displays_a_message()
]]></system-out>
    <system-err><![CDATA[Mar 12, 2025 10:29:17 AM org.openqa.selenium.remote.service.DriverService$Builder getLogOutput
INFO: Driver logs no longer sent to console by default; https://www.selenium.dev/documentation/webdriver/drivers/service/#setting-log-output
Mar 12, 2025 10:29:18 AM org.openqa.selenium.devtools.CdpVersionFinder findNearestMatch
WARNING: Unable to find CDP implementation matching 134
Mar 12, 2025 10:29:18 AM org.openqa.selenium.chromium.ChromiumDriver lambda$new$4
WARNING: Unable to find version of CDP to use for . You may need to include a dependency on a specific version of the CDP using something similar to `org.seleniumhq.selenium:selenium-devtools-v86:4.10.0` where the version ("v86") matches the version of the chromium-based browser you're using and the version number of the artifact is the same as Selenium's.
]]></system-err>
  </testcase>
  <testcase name="Successful checkout outline #3" classname="Checkout Process" time="2.924">
    <system-out><![CDATA[
@checkout @checkoutSuccessOutline
Scenario Outline: Successful checkout outline                                              # src/test/resources/features/checkout.feature:42
  Given I am logged in to SauceDemo with enter "standard_user" and password "secret_sauce" # com.saucedemo.tests.CheckoutSteps.i_am_logged_in_to_sauce_demo_with_enter_and_password(java.lang.String,java.lang.String)
  When I add a product to cart and proceed to checkout                                     # com.saucedemo.tests.CheckoutSteps.i_add_a_product_to_cart_and_proceed_to_checkout()
  And I enter checkout details "Bob" "Brown" "67890"                                       # com.saucedemo.tests.CheckoutSteps.i_enter_checkout_details(java.lang.String,java.lang.String,java.lang.String)
Thank you for your order!
  Then I should complete the purchase successfully and displays a message                  # com.saucedemo.tests.CheckoutSteps.i_should_complete_the_purchase_successfully_and_displays_a_message()
]]></system-out>
    <system-err><![CDATA[Mar 12, 2025 10:29:20 AM org.openqa.selenium.remote.service.DriverService$Builder getLogOutput
INFO: Driver logs no longer sent to console by default; https://www.selenium.dev/documentation/webdriver/drivers/service/#setting-log-output
Mar 12, 2025 10:29:21 AM org.openqa.selenium.devtools.CdpVersionFinder findNearestMatch
WARNING: Unable to find CDP implementation matching 134
Mar 12, 2025 10:29:21 AM org.openqa.selenium.chromium.ChromiumDriver lambda$new$4
WARNING: Unable to find version of CDP to use for . You may need to include a dependency on a specific version of the CDP using something similar to `org.seleniumhq.selenium:selenium-devtools-v86:4.10.0` where the version ("v86") matches the version of the chromium-based browser you're using and the version number of the artifact is the same as Selenium's.
]]></system-err>
  </testcase>
  <testcase name="Successful login with valid credentials" classname="SauceDemo Login Feature" time="2.461">
    <system-out><![CDATA[
@login @loginSuccess
Scenario: Successful login with valid credentials                       # src/test/resources/features/login.feature:24
  Given User is on SauceDemo login page                                 # com.saucedemo.tests.LoginSteps.user_is_on_sauce_demo_login_page()
  When User enters username "standard_user" and password "secret_sauce" # com.saucedemo.tests.LoginSteps.user_enters_username_and_password(java.lang.String,java.lang.String)
  And User clicks on login button                                       # com.saucedemo.tests.LoginSteps.user_clicks_on_login_button()
  Then User should be redirected to homepage                            # com.saucedemo.tests.LoginSteps.user_should_be_redirected_to_homepage()
]]></system-out>
    <system-err><![CDATA[Mar 12, 2025 10:29:23 AM org.openqa.selenium.remote.service.DriverService$Builder getLogOutput
INFO: Driver logs no longer sent to console by default; https://www.selenium.dev/documentation/webdriver/drivers/service/#setting-log-output
Mar 12, 2025 10:29:24 AM org.openqa.selenium.devtools.CdpVersionFinder findNearestMatch
WARNING: Unable to find CDP implementation matching 134
Mar 12, 2025 10:29:24 AM org.openqa.selenium.chromium.ChromiumDriver lambda$new$4
WARNING: Unable to find version of CDP to use for . You may need to include a dependency on a specific version of the CDP using something similar to `org.seleniumhq.selenium:selenium-devtools-v86:4.10.0` where the version ("v86") matches the version of the chromium-based browser you're using and the version number of the artifact is the same as Selenium's.
]]></system-err>
  </testcase>
  <testcase name="Unsuccessful login with invalid credentials" classname="SauceDemo Login Feature" time="2.657">
    <system-out><![CDATA[
@login @loginFailed
Scenario: Unsuccessful login with invalid credentials                    # src/test/resources/features/login.feature:31
  Given User is on SauceDemo login page                                  # com.saucedemo.tests.LoginSteps.user_is_on_sauce_demo_login_page()
  When User enters username "invalid_user" and password "wrong_password" # com.saucedemo.tests.LoginSteps.user_enters_username_and_password(java.lang.String,java.lang.String)
  And User clicks on login button                                        # com.saucedemo.tests.LoginSteps.user_clicks_on_login_button()
  Then User should see an error message                                  # com.saucedemo.tests.LoginSteps.user_should_see_an_error_message()
]]></system-out>
    <system-err><![CDATA[Mar 12, 2025 10:29:26 AM org.openqa.selenium.remote.service.DriverService$Builder getLogOutput
INFO: Driver logs no longer sent to console by default; https://www.selenium.dev/documentation/webdriver/drivers/service/#setting-log-output
Mar 12, 2025 10:29:26 AM org.openqa.selenium.devtools.CdpVersionFinder findNearestMatch
WARNING: Unable to find CDP implementation matching 134
Mar 12, 2025 10:29:26 AM org.openqa.selenium.chromium.ChromiumDriver lambda$new$4
WARNING: Unable to find version of CDP to use for . You may need to include a dependency on a specific version of the CDP using something similar to `org.seleniumhq.selenium:selenium-devtools-v86:4.10.0` where the version ("v86") matches the version of the chromium-based browser you're using and the version number of the artifact is the same as Selenium's.
]]></system-err>
  </testcase>
  <testcase name="Login with multiple credentials #1" classname="SauceDemo Login Feature" time="2.372">
    <system-out><![CDATA[
@login @loginSuccessOutline
Scenario Outline: Login with multiple credentials                                # src/test/resources/features/login.feature:47
  Given User is on SauceDemo login page                                          # com.saucedemo.tests.LoginSteps.user_is_on_sauce_demo_login_page()
  When User enters username "standard_user"  and password "secret_sauce" outline # com.saucedemo.tests.LoginSteps.user_enters_username_and_password_outline(java.lang.String,java.lang.String)
  And User clicks on login button                                                # com.saucedemo.tests.LoginSteps.user_clicks_on_login_button()
Successfiull
  Then I should be logged in successfully                                        # com.saucedemo.tests.LoginSteps.i_should_be_logged_in_successfully()
]]></system-out>
    <system-err><![CDATA[Mar 12, 2025 10:29:28 AM org.openqa.selenium.remote.service.DriverService$Builder getLogOutput
INFO: Driver logs no longer sent to console by default; https://www.selenium.dev/documentation/webdriver/drivers/service/#setting-log-output
Mar 12, 2025 10:29:29 AM org.openqa.selenium.devtools.CdpVersionFinder findNearestMatch
WARNING: Unable to find CDP implementation matching 134
Mar 12, 2025 10:29:29 AM org.openqa.selenium.chromium.ChromiumDriver lambda$new$4
WARNING: Unable to find version of CDP to use for . You may need to include a dependency on a specific version of the CDP using something similar to `org.seleniumhq.selenium:selenium-devtools-v86:4.10.0` where the version ("v86") matches the version of the chromium-based browser you're using and the version number of the artifact is the same as Selenium's.
]]></system-err>
  </testcase>
  <testcase name="Login with multiple credentials #2" classname="SauceDemo Login Feature" time="2.047">
    <system-out><![CDATA[
@login @loginSuccessOutline
Scenario Outline: Login with multiple credentials                                  # src/test/resources/features/login.feature:48
  Given User is on SauceDemo login page                                            # com.saucedemo.tests.LoginSteps.user_is_on_sauce_demo_login_page()
  When User enters username "locked_out_user"  and password "secret_sauce" outline # com.saucedemo.tests.LoginSteps.user_enters_username_and_password_outline(java.lang.String,java.lang.String)
  And User clicks on login button                                                  # com.saucedemo.tests.LoginSteps.user_clicks_on_login_button()
Successfiull
  Then I should be logged in successfully                                          # com.saucedemo.tests.LoginSteps.i_should_be_logged_in_successfully()
]]></system-out>
    <system-err><![CDATA[Mar 12, 2025 10:29:31 AM org.openqa.selenium.remote.service.DriverService$Builder getLogOutput
INFO: Driver logs no longer sent to console by default; https://www.selenium.dev/documentation/webdriver/drivers/service/#setting-log-output
Mar 12, 2025 10:29:31 AM org.openqa.selenium.devtools.CdpVersionFinder findNearestMatch
WARNING: Unable to find CDP implementation matching 134
Mar 12, 2025 10:29:31 AM org.openqa.selenium.chromium.ChromiumDriver lambda$new$4
WARNING: Unable to find version of CDP to use for . You may need to include a dependency on a specific version of the CDP using something similar to `org.seleniumhq.selenium:selenium-devtools-v86:4.10.0` where the version ("v86") matches the version of the chromium-based browser you're using and the version number of the artifact is the same as Selenium's.
]]></system-err>
  </testcase>
</testsuite>